  background.cpp
  Data.cpp
  main.cpp
C:\Users\2409408\Desktop\ランゲーム\Src\Game\Data\Data.cpp(59,23): warning C4244: '=': 'float' から 'int' への変換です。データが失われる可能性があります。
C:\Users\2409408\Desktop\ランゲーム\Src\Game\Data\Data.cpp(65,29): warning C4244: '=': 'int' から 'float' への変換です。データが失われる可能性があります。
  Object.cpp
  Player.cpp
C:\Users\2409408\Desktop\ランゲーム\Src\Game\Object\Player\Player.cpp(144,17): warning C4244: '=': 'int' から 'float' への変換です。データが失われる可能性があります。
  Trap.cpp
  Trap1.cpp
C:\Users\2409408\Desktop\ランゲーム\Src\Game\Object\Trap\Trap1\Trap1.cpp(10,19): warning C4244: '=': 'int' から 'float' への変換です。データが失われる可能性があります。
C:\Users\2409408\Desktop\ランゲーム\Src\Game\Object\Trap\Trap1\Trap1.cpp(83,83): warning C4244: '引数': 'float' から 'int' への変換です。データが失われる可能性があります。
C:\Users\2409408\Desktop\ランゲーム\Src\Game\Object\Trap\Trap1\Trap1.cpp(83,61): warning C4244: '引数': 'float' から 'int' への変換です。データが失われる可能性があります。
C:\Users\2409408\Desktop\ランゲーム\Src\Game\Object\Trap\Trap1\Trap1.cpp(83,39): warning C4244: '引数': 'float' から 'int' への変換です。データが失われる可能性があります。
C:\Users\2409408\Desktop\ランゲーム\Src\Game\Object\Trap\Trap1\Trap1.cpp(83,18): warning C4244: '引数': 'float' から 'int' への変換です。データが失われる可能性があります。
C:\Users\2409408\Desktop\ランゲーム\Src\Game\Object\Trap\Trap1\Trap1.cpp(84,30): warning C4244: '引数': 'float' から 'int' への変換です。データが失われる可能性があります。
C:\Users\2409408\Desktop\ランゲーム\Src\Game\Object\Trap\Trap1\Trap1.cpp(84,21): warning C4244: '引数': 'float' から 'int' への変換です。データが失われる可能性があります。
  PlayScene.cpp
C:\Users\2409408\Desktop\ランゲーム\Src\Game\Scene\Play\PlayScene.cpp(120,14): warning C4244: '初期化中': 'double' から 'int' への変換です。データが失われる可能性があります。
C:\Users\2409408\Desktop\ランゲーム\Src\Game\Scene\Play\PlayScene.cpp(121,15): warning C4244: '初期化中': 'double' から 'int' への変換です。データが失われる可能性があります。
  Result.cpp
  SceneManager.cpp
  TitleScene.cpp
  collsion.cpp
  input.cpp
  PadInput.cpp
  コードを生成中...
  2Dgame.vcxproj -> C:\Users\2409408\Desktop\ランゲーム\x64\Debug\2Dgame.exe
